# JRE version: OpenJDK Runtime Environment (8.0) (build 1.8.0-25-microsoft-b00)
# Java VM: OpenJDK 64-Bit Server VM (25.71-b00 mixed mode windows-amd64 compressed oops)
Heap:
 PSYoungGen      total 76800K, used 23616K [0x00000000e0000000, 0x00000000e5500000, 0x0000000100000000)
  eden space 66560K, 35% used [0x00000000e0000000,0x00000000e17102b8,0x00000000e4100000)
  from space 10240K, 0% used [0x00000000e4100000,0x00000000e4100000,0x00000000e4b00000)
  to   space 9728K, 0% used [0x00000000e4b80000,0x00000000e4b80000,0x00000000e5500000)
 ParOldGen       total 58880K, used 17019K [0x00000000a0000000, 0x00000000a3980000, 0x00000000e0000000)
  object space 58880K, 28% used [0x00000000a0000000,0x00000000a109eed0,0x00000000a3980000)
 Metaspace       used 38874K, capacity 39656K, committed 39976K, reserved 1083392K
  class space    used 5323K, capacity 5576K, committed 5672K, reserved 1048576K
GC Heap History (10 events):
Event: 2.189 GC heap before
{Heap before GC invocations=7 (full 1):
 PSYoungGen      total 76288K, used 6959K [0x00000000e0000000, 0x00000000e5500000, 0x0000000100000000)
  eden space 66560K, 0% used [0x00000000e0000000,0x00000000e0000000,0x00000000e4100000)
  from space 9728K, 71% used [0x00000000e4b80000,0x00000000e524be88,0x00000000e5500000)
  to   space 10240K, 0% used [0x00000000e4100000,0x00000000e4100000,0x00000000e4b00000)
 ParOldGen       total 87552K, used 8991K [0x00000000a0000000, 0x00000000a5580000, 0x00000000e0000000)
  object space 87552K, 10% used [0x00000000a0000000,0x00000000a08c7ea0,0x00000000a5580000)
 Metaspace       used 20689K, capacity 21162K, committed 21296K, reserved 1067008K
  class space    used 2957K, capacity 3123K, committed 3200K, reserved 1048576K
Event: 2.214 GC heap after
Heap after GC invocations=7 (full 1):
 PSYoungGen      total 76288K, used 0K [0x00000000e0000000, 0x00000000e5500000, 0x0000000100000000)
  eden space 66560K, 0% used [0x00000000e0000000,0x00000000e0000000,0x00000000e4100000)
  from space 9728K, 0% used [0x00000000e4b80000,0x00000000e4b80000,0x00000000e5500000)
  to   space 10240K, 0% used [0x00000000e4100000,0x00000000e4100000,0x00000000e4b00000)
 ParOldGen       total 58880K, used 8276K [0x00000000a0000000, 0x00000000a3980000, 0x00000000e0000000)
  object space 58880K, 14% used [0x00000000a0000000,0x00000000a0815088,0x00000000a3980000)
 Metaspace       used 20689K, capacity 21162K, committed 21296K, reserved 1067008K
  class space    used 2957K, capacity 3123K, committed 3200K, reserved 1048576K
}
Event: 2.946 GC heap before
{Heap before GC invocations=8 (full 1):
 PSYoungGen      total 76288K, used 66560K [0x00000000e0000000, 0x00000000e5500000, 0x0000000100000000)
  eden space 66560K, 100% used [0x00000000e0000000,0x00000000e4100000,0x00000000e4100000)
  from space 9728K, 0% used [0x00000000e4b80000,0x00000000e4b80000,0x00000000e5500000)
  to   space 10240K, 0% used [0x00000000e4100000,0x00000000e4100000,0x00000000e4b00000)
 ParOldGen       total 58880K, used 8276K [0x00000000a0000000, 0x00000000a3980000, 0x00000000e0000000)
  object space 58880K, 14% used [0x00000000a0000000,0x00000000a0815088,0x00000000a3980000)
 Metaspace       used 29037K, capacity 29566K, committed 29824K, reserved 1075200K
  class space    used 3931K, capacity 4100K, committed 4224K, reserved 1048576K
Event: 2.953 GC heap after
Heap after GC invocations=8 (full 1):
 PSYoungGen      total 76800K, used 8126K [0x00000000e0000000, 0x00000000e5500000, 0x0000000100000000)
  eden space 66560K, 0% used [0x00000000e0000000,0x00000000e0000000,0x00000000e4100000)
  from space 10240K, 79% used [0x00000000e4100000,0x00000000e48efa40,0x00000000e4b00000)
  to   space 9728K, 0% used [0x00000000e4b80000,0x00000000e4b80000,0x00000000e5500000)
 ParOldGen       total 58880K, used 8284K [0x00000000a0000000, 0x00000000a3980000, 0x00000000e0000000)
  object space 58880K, 14% used [0x00000000a0000000,0x00000000a0817088,0x00000000a3980000)
 Metaspace       used 29037K, capacity 29566K, committed 29824K, reserved 1075200K
  class space    used 3931K, capacity 4100K, committed 4224K, reserved 1048576K
}
Event: 3.403 GC heap before
{Heap before GC invocations=9 (full 1):
 PSYoungGen      total 76800K, used 74686K [0x00000000e0000000, 0x00000000e5500000, 0x0000000100000000)
  eden space 66560K, 100% used [0x00000000e0000000,0x00000000e4100000,0x00000000e4100000)
  from space 10240K, 79% used [0x00000000e4100000,0x00000000e48efa40,0x00000000e4b00000)
  to   space 9728K, 0% used [0x00000000e4b80000,0x00000000e4b80000,0x00000000e5500000)
 ParOldGen       total 58880K, used 8284K [0x00000000a0000000, 0x00000000a3980000, 0x00000000e0000000)
  object space 58880K, 14% used [0x00000000a0000000,0x00000000a08170a8,0x00000000a3980000)
 Metaspace       used 32257K, capacity 32802K, committed 33152K, reserved 1077248K
  class space    used 4456K, capacity 4624K, committed 4736K, reserved 1048576K
Event: 3.409 GC heap after
Heap after GC invocations=9 (full 1):
 PSYoungGen      total 76288K, used 8595K [0x00000000e0000000, 0x00000000e5500000, 0x0000000100000000)
  eden space 66560K, 0% used [0x00000000e0000000,0x00000000e0000000,0x00000000e4100000)
  from space 9728K, 88% used [0x00000000e4b80000,0x00000000e53e4fe0,0x00000000e5500000)
  to   space 10240K, 0% used [0x00000000e4100000,0x00000000e4100000,0x00000000e4b00000)
 ParOldGen       total 58880K, used 8292K [0x00000000a0000000, 0x00000000a3980000, 0x00000000e0000000)
  object space 58880K, 14% used [0x00000000a0000000,0x00000000a08190a8,0x00000000a3980000)
 Metaspace       used 32257K, capacity 32802K, committed 33152K, reserved 1077248K
  class space    used 4456K, capacity 4624K, committed 4736K, reserved 1048576K
}
Event: 4.035 GC heap before
{Heap before GC invocations=10 (full 1):
 PSYoungGen      total 76288K, used 59719K [0x00000000e0000000, 0x00000000e5500000, 0x0000000100000000)
  eden space 66560K, 76% used [0x00000000e0000000,0x00000000e31ecc88,0x00000000e4100000)
  from space 9728K, 88% used [0x00000000e4b80000,0x00000000e53e4fe0,0x00000000e5500000)
  to   space 10240K, 0% used [0x00000000e4100000,0x00000000e4100000,0x00000000e4b00000)
 ParOldGen       total 58880K, used 8292K [0x00000000a0000000, 0x00000000a3980000, 0x00000000e0000000)
  object space 58880K, 14% used [0x00000000a0000000,0x00000000a08190a8,0x00000000a3980000)
 Metaspace       used 34779K, capacity 35462K, committed 35496K, reserved 1079296K
  class space    used 4795K, capacity 5002K, committed 5032K, reserved 1048576K
Event: 4.043 GC heap after
Heap after GC invocations=10 (full 1):
 PSYoungGen      total 76800K, used 10186K [0x00000000e0000000, 0x00000000e5500000, 0x0000000100000000)
  eden space 66560K, 0% used [0x00000000e0000000,0x00000000e0000000,0x00000000e4100000)
  from space 10240K, 99% used [0x00000000e4100000,0x00000000e4af2918,0x00000000e4b00000)
  to   space 9728K, 0% used [0x00000000e4b80000,0x00000000e4b80000,0x00000000e5500000)
 ParOldGen       total 58880K, used 8300K [0x00000000a0000000, 0x00000000a3980000, 0x00000000e0000000)
  object space 58880K, 14% used [0x00000000a0000000,0x00000000a081b0a8,0x00000000a3980000)
 Metaspace       used 34779K, capacity 35462K, committed 35496K, reserved 1079296K
  class space    used 4795K, capacity 5002K, committed 5032K, reserved 1048576K
}
Event: 4.043 GC heap before
{Heap before GC invocations=11 (full 2):
 PSYoungGen      total 76800K, used 10186K [0x00000000e0000000, 0x00000000e5500000, 0x0000000100000000)
  eden space 66560K, 0% used [0x00000000e0000000,0x00000000e0000000,0x00000000e4100000)
  from space 10240K, 99% used [0x00000000e4100000,0x00000000e4af2918,0x00000000e4b00000)
  to   space 9728K, 0% used [0x00000000e4b80000,0x00000000e4b80000,0x00000000e5500000)
 ParOldGen       total 58880K, used 8300K [0x00000000a0000000, 0x00000000a3980000, 0x00000000e0000000)
  object space 58880K, 14% used [0x00000000a0000000,0x00000000a081b0a8,0x00000000a3980000)
 Metaspace       used 34779K, capacity 35462K, committed 35496K, reserved 1079296K
  class space    used 4795K, capacity 5002K, committed 5032K, reserved 1048576K
Event: 4.086 GC heap after
Heap after GC invocations=11 (full 2):
 PSYoungGen      total 76800K, used 0K [0x00000000e0000000, 0x00000000e5500000, 0x0000000100000000)
  eden space 66560K, 0% used [0x00000000e0000000,0x00000000e0000000,0x00000000e4100000)
  from space 10240K, 0% used [0x00000000e4100000,0x00000000e4100000,0x00000000e4b00000)
  to   space 9728K, 0% used [0x00000000e4b80000,0x00000000e4b80000,0x00000000e5500000)
 ParOldGen       total 58880K, used 17019K [0x00000000a0000000, 0x00000000a3980000, 0x00000000e0000000)
  object space 58880K, 28% used [0x00000000a0000000,0x00000000a109eed0,0x00000000a3980000)
 Metaspace       used 34765K, capacity 35414K, committed 35496K, reserved 1079296K
  class space    used 4791K, capacity 4994K, committed 5032K, reserved 1048576K
}

