# JRE version: OpenJDK Runtime Environment (8.0) (build 1.8.0-25-microsoft-b00)
# Java VM: OpenJDK 64-Bit Server VM (25.71-b00 mixed mode windows-amd64 compressed oops)
Heap:
 PSYoungGen      total 175104K, used 38099K [0x00000000e0000000, 0x00000000ec880000, 0x0000000100000000)
  eden space 157184K, 24% used [0x00000000e0000000,0x00000000e2534eb0,0x00000000e9980000)
  from space 17920K, 0% used [0x00000000eab80000,0x00000000eab80000,0x00000000ebd00000)
  to   space 18432K, 0% used [0x00000000e9980000,0x00000000e9980000,0x00000000eab80000)
 ParOldGen       total 140288K, used 28756K [0x00000000a0000000, 0x00000000a8900000, 0x00000000e0000000)
  object space 140288K, 20% used [0x00000000a0000000,0x00000000a1c152d8,0x00000000a8900000)
 Metaspace       used 59582K, capacity 61384K, committed 61592K, reserved 1101824K
  class space    used 8134K, capacity 8591K, committed 8616K, reserved 1048576K
GC Heap History (10 events):
Event: 3.894 GC heap before
{Heap before GC invocations=11 (full 2):
 PSYoungGen      total 116224K, used 10048K [0x00000000e0000000, 0x00000000ea180000, 0x0000000100000000)
  eden space 105472K, 0% used [0x00000000e0000000,0x00000000e0000000,0x00000000e6700000)
  from space 10752K, 93% used [0x00000000e6700000,0x00000000e70d0178,0x00000000e7180000)
  to   space 11776K, 0% used [0x00000000e9600000,0x00000000e9600000,0x00000000ea180000)
 ParOldGen       total 59392K, used 9353K [0x00000000a0000000, 0x00000000a3a00000, 0x00000000e0000000)
  object space 59392K, 15% used [0x00000000a0000000,0x00000000a0922538,0x00000000a3a00000)
 Metaspace       used 34630K, capacity 35406K, committed 35496K, reserved 1079296K
  class space    used 4791K, capacity 5004K, committed 5032K, reserved 1048576K
Event: 3.969 GC heap after
Heap after GC invocations=11 (full 2):
 PSYoungGen      total 116224K, used 0K [0x00000000e0000000, 0x00000000ea180000, 0x0000000100000000)
  eden space 105472K, 0% used [0x00000000e0000000,0x00000000e0000000,0x00000000e6700000)
  from space 10752K, 0% used [0x00000000e6700000,0x00000000e6700000,0x00000000e7180000)
  to   space 11776K, 0% used [0x00000000e9600000,0x00000000e9600000,0x00000000ea180000)
 ParOldGen       total 93184K, used 16879K [0x00000000a0000000, 0x00000000a5b00000, 0x00000000e0000000)
  object space 93184K, 18% used [0x00000000a0000000,0x00000000a107be98,0x00000000a5b00000)
 Metaspace       used 34612K, capacity 35346K, committed 35496K, reserved 1079296K
  class space    used 4786K, capacity 4994K, committed 5032K, reserved 1048576K
}
Event: 5.028 GC heap before
{Heap before GC invocations=12 (full 2):
 PSYoungGen      total 116224K, used 105472K [0x00000000e0000000, 0x00000000ea180000, 0x0000000100000000)
  eden space 105472K, 100% used [0x00000000e0000000,0x00000000e6700000,0x00000000e6700000)
  from space 10752K, 0% used [0x00000000e6700000,0x00000000e6700000,0x00000000e7180000)
  to   space 11776K, 0% used [0x00000000e9600000,0x00000000e9600000,0x00000000ea180000)
 ParOldGen       total 93184K, used 16879K [0x00000000a0000000, 0x00000000a5b00000, 0x00000000e0000000)
  object space 93184K, 18% used [0x00000000a0000000,0x00000000a107be98,0x00000000a5b00000)
 Metaspace       used 45511K, capacity 46444K, committed 46632K, reserved 1089536K
  class space    used 6145K, capacity 6427K, committed 6440K, reserved 1048576K
Event: 5.037 GC heap after
Heap after GC invocations=12 (full 2):
 PSYoungGen      total 141312K, used 11768K [0x00000000e0000000, 0x00000000ea180000, 0x0000000100000000)
  eden space 129536K, 0% used [0x00000000e0000000,0x00000000e0000000,0x00000000e7e80000)
  from space 11776K, 99% used [0x00000000e9600000,0x00000000ea17e2d0,0x00000000ea180000)
  to   space 13824K, 0% used [0x00000000e8680000,0x00000000e8680000,0x00000000e9400000)
 ParOldGen       total 93184K, used 19439K [0x00000000a0000000, 0x00000000a5b00000, 0x00000000e0000000)
  object space 93184K, 20% used [0x00000000a0000000,0x00000000a12fbe10,0x00000000a5b00000)
 Metaspace       used 45511K, capacity 46444K, committed 46632K, reserved 1089536K
  class space    used 6145K, capacity 6427K, committed 6440K, reserved 1048576K
}
Event: 6.513 GC heap before
{Heap before GC invocations=13 (full 2):
 PSYoungGen      total 141312K, used 141304K [0x00000000e0000000, 0x00000000ea180000, 0x0000000100000000)
  eden space 129536K, 100% used [0x00000000e0000000,0x00000000e7e80000,0x00000000e7e80000)
  from space 11776K, 99% used [0x00000000e9600000,0x00000000ea17e2d0,0x00000000ea180000)
  to   space 13824K, 0% used [0x00000000e8680000,0x00000000e8680000,0x00000000e9400000)
 ParOldGen       total 93184K, used 19439K [0x00000000a0000000, 0x00000000a5b00000, 0x00000000e0000000)
  object space 93184K, 20% used [0x00000000a0000000,0x00000000a12fbe10,0x00000000a5b00000)
 Metaspace       used 56131K, capacity 57566K, committed 57768K, reserved 1099776K
  class space    used 7606K, capacity 7996K, committed 8104K, reserved 1048576K
Event: 6.533 GC heap after
Heap after GC invocations=13 (full 2):
 PSYoungGen      total 151552K, used 13811K [0x00000000e0000000, 0x00000000ebd00000, 0x0000000100000000)
  eden space 137728K, 0% used [0x00000000e0000000,0x00000000e0000000,0x00000000e8680000)
  from space 13824K, 99% used [0x00000000e8680000,0x00000000e93fcd08,0x00000000e9400000)
  to   space 17920K, 0% used [0x00000000eab80000,0x00000000eab80000,0x00000000ebd00000)
 ParOldGen       total 93184K, used 26746K [0x00000000a0000000, 0x00000000a5b00000, 0x00000000e0000000)
  object space 93184K, 28% used [0x00000000a0000000,0x00000000a1a1ea28,0x00000000a5b00000)
 Metaspace       used 56131K, capacity 57566K, committed 57768K, reserved 1099776K
  class space    used 7606K, capacity 7996K, committed 8104K, reserved 1048576K
}
Event: 6.899 GC heap before
{Heap before GC invocations=14 (full 2):
 PSYoungGen      total 151552K, used 53274K [0x00000000e0000000, 0x00000000ebd00000, 0x0000000100000000)
  eden space 137728K, 28% used [0x00000000e0000000,0x00000000e2689d28,0x00000000e8680000)
  from space 13824K, 99% used [0x00000000e8680000,0x00000000e93fcd08,0x00000000e9400000)
  to   space 17920K, 0% used [0x00000000eab80000,0x00000000eab80000,0x00000000ebd00000)
 ParOldGen       total 93184K, used 26746K [0x00000000a0000000, 0x00000000a5b00000, 0x00000000e0000000)
  object space 93184K, 28% used [0x00000000a0000000,0x00000000a1a1ea28,0x00000000a5b00000)
 Metaspace       used 57645K, capacity 59144K, committed 59160K, reserved 1099776K
  class space    used 7845K, capacity 8219K, committed 8232K, reserved 1048576K
Event: 6.907 GC heap after
Heap after GC invocations=14 (full 2):
 PSYoungGen      total 175104K, used 1844K [0x00000000e0000000, 0x00000000ec880000, 0x0000000100000000)
  eden space 157184K, 0% used [0x00000000e0000000,0x00000000e0000000,0x00000000e9980000)
  from space 17920K, 10% used [0x00000000eab80000,0x00000000ead4d1c0,0x00000000ebd00000)
  to   space 18432K, 0% used [0x00000000e9980000,0x00000000e9980000,0x00000000eab80000)
 ParOldGen       total 93184K, used 32854K [0x00000000a0000000, 0x00000000a5b00000, 0x00000000e0000000)
  object space 93184K, 35% used [0x00000000a0000000,0x00000000a2015a20,0x00000000a5b00000)
 Metaspace       used 57645K, capacity 59144K, committed 59160K, reserved 1099776K
  class space    used 7845K, capacity 8219K, committed 8232K, reserved 1048576K
}
Event: 6.907 GC heap before
{Heap before GC invocations=15 (full 3):
 PSYoungGen      total 175104K, used 1844K [0x00000000e0000000, 0x00000000ec880000, 0x0000000100000000)
  eden space 157184K, 0% used [0x00000000e0000000,0x00000000e0000000,0x00000000e9980000)
  from space 17920K, 10% used [0x00000000eab80000,0x00000000ead4d1c0,0x00000000ebd00000)
  to   space 18432K, 0% used [0x00000000e9980000,0x00000000e9980000,0x00000000eab80000)
 ParOldGen       total 93184K, used 32854K [0x00000000a0000000, 0x00000000a5b00000, 0x00000000e0000000)
  object space 93184K, 35% used [0x00000000a0000000,0x00000000a2015a20,0x00000000a5b00000)
 Metaspace       used 57645K, capacity 59144K, committed 59160K, reserved 1099776K
  class space    used 7845K, capacity 8219K, committed 8232K, reserved 1048576K
Event: 7.151 GC heap after
Heap after GC invocations=15 (full 3):
 PSYoungGen      total 175104K, used 0K [0x00000000e0000000, 0x00000000ec880000, 0x0000000100000000)
  eden space 157184K, 0% used [0x00000000e0000000,0x00000000e0000000,0x00000000e9980000)
  from space 17920K, 0% used [0x00000000eab80000,0x00000000eab80000,0x00000000ebd00000)
  to   space 18432K, 0% used [0x00000000e9980000,0x00000000e9980000,0x00000000eab80000)
 ParOldGen       total 140288K, used 28756K [0x00000000a0000000, 0x00000000a8900000, 0x00000000e0000000)
  object space 140288K, 20% used [0x00000000a0000000,0x00000000a1c152d8,0x00000000a8900000)
 Metaspace       used 57645K, capacity 59144K, committed 59160K, reserved 1099776K
  class space    used 7845K, capacity 8219K, committed 8232K, reserved 1048576K
}

