# JRE version: OpenJDK Runtime Environment (8.0) (build 1.8.0-25-microsoft-b00)
# Java VM: OpenJDK 64-Bit Server VM (25.71-b00 mixed mode windows-amd64 compressed oops)
Heap:
 PSYoungGen      total 117760K, used 91984K [0x00000000e0000000, 0x00000000e9600000, 0x0000000100000000)
  eden space 105984K, 75% used [0x00000000e0000000,0x00000000e4e56d50,0x00000000e6780000)
  from space 11776K, 99% used [0x00000000e6780000,0x00000000e72fd630,0x00000000e7300000)
  to   space 14848K, 0% used [0x00000000e8780000,0x00000000e8780000,0x00000000e9600000)
 ParOldGen       total 86016K, used 19450K [0x00000000a0000000, 0x00000000a5400000, 0x00000000e0000000)
  object space 86016K, 22% used [0x00000000a0000000,0x00000000a12fe8b8,0x00000000a5400000)
 Metaspace       used 56889K, capacity 58460K, committed 58584K, reserved 1099776K
  class space    used 7771K, capacity 8151K, committed 8192K, reserved 1048576K
GC Heap History (10 events):
Event: 9.937 GC heap before
{Heap before GC invocations=11 (full 1):
 PSYoungGen      total 64000K, used 62055K [0x00000000e0000000, 0x00000000e5d00000, 0x0000000100000000)
  eden space 54272K, 100% used [0x00000000e0000000,0x00000000e3500000,0x00000000e3500000)
  from space 9728K, 80% used [0x00000000e3500000,0x00000000e3c99d80,0x00000000e3e80000)
  to   space 9728K, 0% used [0x00000000e5380000,0x00000000e5380000,0x00000000e5d00000)
 ParOldGen       total 56320K, used 7780K [0x00000000a0000000, 0x00000000a3700000, 0x00000000e0000000)
  object space 56320K, 13% used [0x00000000a0000000,0x00000000a07990c0,0x00000000a3700000)
 Metaspace       used 34288K, capacity 34894K, committed 35200K, reserved 1079296K
  class space    used 4722K, capacity 4896K, committed 4992K, reserved 1048576K
Event: 9.955 GC heap after
Heap after GC invocations=11 (full 1):
 PSYoungGen      total 85504K, used 7038K [0x00000000e0000000, 0x00000000e5d00000, 0x0000000100000000)
  eden space 75776K, 0% used [0x00000000e0000000,0x00000000e0000000,0x00000000e4a00000)
  from space 9728K, 72% used [0x00000000e5380000,0x00000000e5a5f980,0x00000000e5d00000)
  to   space 9728K, 0% used [0x00000000e4a00000,0x00000000e4a00000,0x00000000e5380000)
 ParOldGen       total 56320K, used 11096K [0x00000000a0000000, 0x00000000a3700000, 0x00000000e0000000)
  object space 56320K, 19% used [0x00000000a0000000,0x00000000a0ad60e0,0x00000000a3700000)
 Metaspace       used 34288K, capacity 34894K, committed 35200K, reserved 1079296K
  class space    used 4722K, capacity 4896K, committed 4992K, reserved 1048576K
}
Event: 10.141 GC heap before
{Heap before GC invocations=12 (full 1):
 PSYoungGen      total 85504K, used 12646K [0x00000000e0000000, 0x00000000e5d00000, 0x0000000100000000)
  eden space 75776K, 7% used [0x00000000e0000000,0x00000000e057a008,0x00000000e4a00000)
  from space 9728K, 72% used [0x00000000e5380000,0x00000000e5a5f980,0x00000000e5d00000)
  to   space 9728K, 0% used [0x00000000e4a00000,0x00000000e4a00000,0x00000000e5380000)
 ParOldGen       total 56320K, used 11096K [0x00000000a0000000, 0x00000000a3700000, 0x00000000e0000000)
  object space 56320K, 19% used [0x00000000a0000000,0x00000000a0ad60e0,0x00000000a3700000)
 Metaspace       used 34647K, capacity 35280K, committed 35416K, reserved 1079296K
  class space    used 4752K, capacity 4941K, committed 4992K, reserved 1048576K
Event: 10.148 GC heap after
Heap after GC invocations=12 (full 1):
 PSYoungGen      total 85504K, used 797K [0x00000000e0000000, 0x00000000e7e80000, 0x0000000100000000)
  eden space 75776K, 0% used [0x00000000e0000000,0x00000000e0000000,0x00000000e4a00000)
  from space 9728K, 8% used [0x00000000e4a00000,0x00000000e4ac7448,0x00000000e5380000)
  to   space 10752K, 0% used [0x00000000e7400000,0x00000000e7400000,0x00000000e7e80000)
 ParOldGen       total 56320K, used 15414K [0x00000000a0000000, 0x00000000a3700000, 0x00000000e0000000)
  object space 56320K, 27% used [0x00000000a0000000,0x00000000a0f0da18,0x00000000a3700000)
 Metaspace       used 34647K, capacity 35280K, committed 35416K, reserved 1079296K
  class space    used 4752K, capacity 4941K, committed 4992K, reserved 1048576K
}
Event: 10.148 GC heap before
{Heap before GC invocations=13 (full 2):
 PSYoungGen      total 85504K, used 797K [0x00000000e0000000, 0x00000000e7e80000, 0x0000000100000000)
  eden space 75776K, 0% used [0x00000000e0000000,0x00000000e0000000,0x00000000e4a00000)
  from space 9728K, 8% used [0x00000000e4a00000,0x00000000e4ac7448,0x00000000e5380000)
  to   space 10752K, 0% used [0x00000000e7400000,0x00000000e7400000,0x00000000e7e80000)
 ParOldGen       total 56320K, used 15414K [0x00000000a0000000, 0x00000000a3700000, 0x00000000e0000000)
  object space 56320K, 27% used [0x00000000a0000000,0x00000000a0f0da18,0x00000000a3700000)
 Metaspace       used 34647K, capacity 35280K, committed 35416K, reserved 1079296K
  class space    used 4752K, capacity 4941K, committed 4992K, reserved 1048576K
Event: 10.270 GC heap after
Heap after GC invocations=13 (full 2):
 PSYoungGen      total 85504K, used 0K [0x00000000e0000000, 0x00000000e7e80000, 0x0000000100000000)
  eden space 75776K, 0% used [0x00000000e0000000,0x00000000e0000000,0x00000000e4a00000)
  from space 9728K, 0% used [0x00000000e4a00000,0x00000000e4a00000,0x00000000e5380000)
  to   space 10752K, 0% used [0x00000000e7400000,0x00000000e7400000,0x00000000e7e80000)
 ParOldGen       total 86016K, used 15062K [0x00000000a0000000, 0x00000000a5400000, 0x00000000e0000000)
  object space 86016K, 17% used [0x00000000a0000000,0x00000000a0eb5bb0,0x00000000a5400000)
 Metaspace       used 34640K, capacity 35256K, committed 35416K, reserved 1079296K
  class space    used 4750K, capacity 4937K, committed 4992K, reserved 1048576K
}
Event: 12.221 GC heap before
{Heap before GC invocations=14 (full 2):
 PSYoungGen      total 85504K, used 75776K [0x00000000e0000000, 0x00000000e7e80000, 0x0000000100000000)
  eden space 75776K, 100% used [0x00000000e0000000,0x00000000e4a00000,0x00000000e4a00000)
  from space 9728K, 0% used [0x00000000e4a00000,0x00000000e4a00000,0x00000000e5380000)
  to   space 10752K, 0% used [0x00000000e7400000,0x00000000e7400000,0x00000000e7e80000)
 ParOldGen       total 86016K, used 15062K [0x00000000a0000000, 0x00000000a5400000, 0x00000000e0000000)
  object space 86016K, 17% used [0x00000000a0000000,0x00000000a0eb5bb0,0x00000000a5400000)
 Metaspace       used 43120K, capacity 43930K, committed 44248K, reserved 1087488K
  class space    used 5840K, capacity 6083K, committed 6144K, reserved 1048576K
Event: 12.237 GC heap after
Heap after GC invocations=14 (full 2):
 PSYoungGen      total 108032K, used 10281K [0x00000000e0000000, 0x00000000e7e80000, 0x0000000100000000)
  eden space 97280K, 0% used [0x00000000e0000000,0x00000000e0000000,0x00000000e5f00000)
  from space 10752K, 95% used [0x00000000e7400000,0x00000000e7e0a600,0x00000000e7e80000)
  to   space 11776K, 0% used [0x00000000e6780000,0x00000000e6780000,0x00000000e7300000)
 ParOldGen       total 86016K, used 15070K [0x00000000a0000000, 0x00000000a5400000, 0x00000000e0000000)
  object space 86016K, 17% used [0x00000000a0000000,0x00000000a0eb7bb0,0x00000000a5400000)
 Metaspace       used 43120K, capacity 43930K, committed 44248K, reserved 1087488K
  class space    used 5840K, capacity 6083K, committed 6144K, reserved 1048576K
}
Event: 14.286 GC heap before
{Heap before GC invocations=15 (full 2):
 PSYoungGen      total 108032K, used 107561K [0x00000000e0000000, 0x00000000e7e80000, 0x0000000100000000)
  eden space 97280K, 100% used [0x00000000e0000000,0x00000000e5f00000,0x00000000e5f00000)
  from space 10752K, 95% used [0x00000000e7400000,0x00000000e7e0a600,0x00000000e7e80000)
  to   space 11776K, 0% used [0x00000000e6780000,0x00000000e6780000,0x00000000e7300000)
 ParOldGen       total 86016K, used 15070K [0x00000000a0000000, 0x00000000a5400000, 0x00000000e0000000)
  object space 86016K, 17% used [0x00000000a0000000,0x00000000a0eb7bb0,0x00000000a5400000)
 Metaspace       used 50227K, capacity 51382K, committed 51672K, reserved 1093632K
  class space    used 6781K, capacity 7062K, committed 7168K, reserved 1048576K
Event: 14.311 GC heap after
Heap after GC invocations=15 (full 2):
 PSYoungGen      total 117760K, used 11765K [0x00000000e0000000, 0x00000000e9600000, 0x0000000100000000)
  eden space 105984K, 0% used [0x00000000e0000000,0x00000000e0000000,0x00000000e6780000)
  from space 11776K, 99% used [0x00000000e6780000,0x00000000e72fd630,0x00000000e7300000)
  to   space 14848K, 0% used [0x00000000e8780000,0x00000000e8780000,0x00000000e9600000)
 ParOldGen       total 86016K, used 19450K [0x00000000a0000000, 0x00000000a5400000, 0x00000000e0000000)
  object space 86016K, 22% used [0x00000000a0000000,0x00000000a12fe8b8,0x00000000a5400000)
 Metaspace       used 50227K, capacity 51382K, committed 51672K, reserved 1093632K
  class space    used 6781K, capacity 7062K, committed 7168K, reserved 1048576K
}

